1 448
2 150
3 269
4 23
5 440
6 458
7 242
8 88
9 240
10 59
11 30
12 149
13 485
14 275
15 370
16 411
17 231
18 417
19 346
20 20
21 420
22 446
23 136
24 277
25 163
26 86
27 117
28 102
29 381
30 131
31 292
32 179
33 279
34 416
35 406
36 508
37 47
38 198
39 246
40 53
41 107
42 127
43 409
44 177
45 295
46 146
47 181
48 410
49 239
50 471
51 274
52 511
53 80
54 191
55 492
56 284
57 7
58 244
59 19
60 176
61 128
62 65
63 487
64 228
65 314
66 222
67 120
68 213
69 167
70 268
71 404
72 390
73 193
74 33
75 85
76 17
77 304
78 431
79 303
80 124
81 348
82 298
83 369
84 328
85 453
86 433
87 316
88 362
89 468
90 486
91 100
92 309
93 207
94 445
95 477
96 330
97 483
98 464
99 502
100 61
101 121
102 313
103 152
104 422
105 229
106 46
107 368
108 104
109 78
110 505
111 173
112 97
113 449
114 114
115 108
116 171
117 349
118 398
119 278
120 455
121 94
122 259
123 51
124 10
125 327
126 62
127 140
128 273
129 68
130 1
131 438
132 69
133 153
134 64
135 322
136 129
137 506
138 350
139 82
140 123
141 392
142 470
143 358
144 276
145 142
146 488
147 172
148 366
149 337
150 479
151 408
152 310
153 504
154 264
155 353
156 233
157 34
158 144
159 76
160 109
161 266
162 374
163 219
164 377
165 482
166 293
167 432
168 72
169 182
170 476
171 249
172 361
173 454
174 96
175 299
176 375
177 151
178 143
179 236
180 460
181 110
182 188
183 428
184 354
185 385
186 491
187 456
188 340
189 22
190 241
191 141
192 478
193 32
194 247
195 334
196 384
197 50
198 44
199 403
200 206
201 132
202 423
203 419
204 439
205 24
206 251
207 99
208 378
209 326
210 496
211 138
212 393
213 498
214 372
215 457
216 71
217 8
218 57
219 255
220 489
221 21
222 461
223 475
224 95
225 13
226 312
227 501
228 389
229 81
230 238
231 288
232 402
233 331
234 338
235 401
236 436
237 165
238 443
239 463
240 226
241 169
242 510
243 115
244 38
245 332
246 412
247 133
248 373
249 365
250 28
251 297
252 175
253 317
254 256
255 356
256 465
257 333
258 290
259 357
260 252
261 360
262 205
263 280
264 145
265 319
266 227
267 459
268 223
269 9
270 388
271 87
272 160
273 40
274 26
275 180
276 413
277 209
278 73
279 84
280 339
281 347
282 83
283 112
284 200
285 301
286 79
287 168
288 15
289 271
290 325
291 211
292 105
293 147
294 265
295 391
296 16
297 49
298 106
299 272
300 134
301 494
302 355
303 376
304 300
305 444
306 184
307 253
308 323
309 14
310 418
311 29
312 217
313 70
314 111
315 379
316 92
317 415
318 221
319 283
320 257
321 156
322 286
323 230
324 210
325 43
326 396
327 130
328 250
329 118
330 291
331 212
332 27
333 467
334 395
335 170
336 421
337 472
338 90
339 490
340 324
341 499
342 196
343 287
344 315
345 344
346 270
347 441
348 382
349 407
350 3
351 89
352 262
353 503
354 161
355 52
356 497
357 18
358 75
359 25
360 285
361 126
362 282
363 56
364 63
365 345
366 155
367 77
368 267
369 263
370 507
371 6
372 343
373 451
374 484
375 189
376 359
377 235
378 35
379 258
380 55
381 36
382 190
383 294
384 186
385 387
386 215
387 311
388 148
389 424
390 371
391 183
392 400
393 383
394 37
395 243
396 162
397 119
398 336
399 225
400 495
401 157
402 204
403 462
404 342
405 296
406 318
407 224
408 125
409 39
410 308
411 137
412 427
413 386
414 248
415 208
416 352
417 481
418 306
419 302
420 139
421 154
422 93
423 442
424 159
425 435
426 220
427 174
428 202
429 394
430 135
431 185
432 41
433 320
434 447
435 48
436 321
437 261
438 474
439 429
440 254
441 341
442 116
443 500
444 158
445 397
446 67
447 232
448 426
449 399
450 380
451 2
452 414
453 214
454 305
455 281
456 201
457 54
458 245
459 351
460 74
461 237
462 122
463 45
464 192
465 466
466 199
467 509
468 5
469 364
470 335
471 58
472 493
473 194
474 430
475 329
476 101
477 91
478 434
479 178
480 437
481 12
482 66
483 203
484 164
485 60
486 512
487 197
488 469
489 260
490 98
491 473
492 195
493 405
494 307
495 11
496 425
497 31
498 42
499 367
500 480
501 4
502 452
503 113
504 234
505 450
506 363
507 218
508 216
509 166
510 187
511 289
512 103
