1 77
2 100
3 97
4 93
5 123
6 24
7 66
8 45
9 126
10 48
11 111
12 116
13 32
14 62
15 81
16 127
17 84
18 69
19 96
20 82
21 25
22 120
23 107
24 56
25 80
26 72
27 7
28 106
29 53
30 13
31 55
32 43
33 117
34 23
35 14
36 105
37 37
38 112
39 19
40 2
41 101
42 78
43 90
44 4
45 40
46 10
47 89
48 92
49 17
50 60
51 1
52 125
53 128
54 118
55 64
56 31
57 29
58 65
59 47
60 68
61 30
62 49
63 38
64 51
65 109
66 108
67 50
68 20
69 99
70 113
71 46
72 91
73 67
74 33
75 76
76 39
77 36
78 110
79 83
80 86
81 6
82 124
83 41
84 59
85 70
86 103
87 34
88 121
89 58
90 5
91 22
92 35
93 104
94 27
95 75
96 115
97 12
98 54
99 21
100 114
101 16
102 98
103 44
104 26
105 61
106 28
107 87
108 102
109 79
110 15
111 52
112 57
113 94
114 63
115 119
116 85
117 8
118 74
119 122
120 3
121 42
122 9
123 73
124 95
125 88
126 18
127 11
128 71
