1 235
2 128
3 144
4 48
5 98
6 75
7 102
8 92
9 54
10 162
11 229
12 68
13 71
14 202
15 42
16 141
17 118
18 91
19 90
20 6
21 82
22 45
23 93
24 146
25 249
26 243
27 78
28 176
29 1
30 57
31 241
32 201
33 155
34 232
35 209
36 183
37 172
38 140
39 254
40 245
41 199
42 166
43 123
44 255
45 143
46 158
47 7
48 86
49 81
50 190
51 194
52 115
53 60
54 227
55 139
56 46
57 184
58 51
59 213
60 12
61 224
62 226
63 55
64 3
65 37
66 56
67 2
68 129
69 196
70 111
71 4
72 95
73 180
74 208
75 133
76 169
77 195
78 175
79 53
80 33
81 239
82 170
83 231
84 49
85 16
86 168
87 30
88 250
89 247
90 163
91 94
92 14
93 26
94 149
95 138
96 103
97 154
98 211
99 85
100 96
101 233
102 164
103 121
104 153
105 99
106 61
107 151
108 112
109 238
110 44
111 125
112 107
113 188
114 134
115 186
116 38
117 21
118 161
119 41
120 63
121 89
122 214
123 219
124 145
125 114
126 108
127 137
128 72
129 221
130 253
131 132
132 117
133 113
134 222
135 74
136 206
137 65
138 34
139 160
140 36
141 187
142 104
143 236
144 8
145 97
146 244
147 120
148 203
149 66
150 122
151 84
152 124
153 173
154 77
155 234
156 100
157 13
158 252
159 25
160 189
161 22
162 156
163 106
164 20
165 101
166 70
167 79
168 150
169 110
170 217
171 230
172 198
173 43
174 17
175 130
176 9
177 80
178 218
179 127
180 147
181 58
182 29
183 215
184 240
185 31
186 200
187 157
188 193
189 52
190 205
191 28
192 76
193 59
194 67
195 87
196 15
197 83
198 207
199 248
200 88
201 69
202 192
203 40
204 159
205 135
206 105
207 179
208 171
209 185
210 35
211 191
212 165
213 109
214 11
215 64
216 246
217 167
218 210
219 228
220 177
221 19
222 47
223 5
224 174
225 216
226 18
227 225
228 39
229 142
230 116
231 152
232 23
233 181
234 50
235 24
236 204
237 27
238 131
239 10
240 256
241 237
242 182
243 148
244 62
245 32
246 73
247 119
248 242
249 136
250 223
251 197
252 126
253 212
254 220
255 178
256 251
